<?xml version="1.0" encoding="UTF-8"?>
<!-- Generated by org.testng.reporters.JUnitReportReporter -->
<testsuite name="seleniumm.Hello" tests="1" time="0.022" ignored="0" failures="0" timestamp="24 Dec 2019 08:45:31 GMT" skipped="0" hostname="DESKTOP-L0DBEM1" errors="0">
  <testcase name="verify" time="0.022" classname="seleniumm.Hello"/>
</testsuite> <!-- seleniumm.Hello -->
